<?xml version="1.0" encoding="utf-8"?><testsuites><testsuite name="pytest" errors="0" failures="0" skipped="1" tests="30" time="95.796" timestamp="2026-04-17T10:28:49.722666+09:00" hostname="B00230-p-duyen-mac.local"><testcase classname="tests.test_login_page" name="test_tc_log_01_url_contains_login[chromium]" time="4.505" /><testcase classname="tests.test_login_page" name="test_tc_log_03_register_navigates[chromium]" time="4.359" /><testcase classname="tests.test_login_page" name="test_tc_log_04_email_label_and_field[chromium]" time="2.443" /><testcase classname="tests.test_login_page" name="test_tc_log_05_email_input_lowercase[chromium]" time="4.041" /><testcase classname="tests.test_login_page" name="test_tc_log_06_email_preserves_case[chromium]" time="2.482" /><testcase classname="tests.test_login_page" name="test_tc_log_07_to_10_invalid_email_format[chromium-abc@gmail]" time="2.964" /><testcase classname="tests.test_login_page" name="test_tc_log_07_to_10_invalid_email_format[chromium-abc!@gmail.com]" time="3.662" /><testcase classname="tests.test_login_page" name="test_tc_log_07_to_10_invalid_email_format[chromium-test.abc]" time="2.502" /><testcase classname="tests.test_login_page" name="test_tc_log_07_to_10_invalid_email_format[chromium-@gmail.com]" time="2.438" /><testcase classname="tests.test_login_page" name="test_tc_log_11_fullwidth_email_invalid[chromium]" time="2.596" /><testcase classname="tests.test_login_page" name="test_tc_log_12_clear_email_shows_required[chromium]" time="2.720" /><testcase classname="tests.test_login_page" name="test_tc_log_13_password_field_and_toggle_visible[chromium]" time="2.444" /><testcase classname="tests.test_login_page" name="test_tc_log_14_password_masked_and_value_set[chromium]" time="2.510" /><testcase classname="tests.test_login_page" name="test_tc_log_15_toggle_shows_plain_password[chromium]" time="3.936" /><testcase classname="tests.test_login_page" name="test_tc_log_16_toggle_hides_password_again[chromium]" time="2.566" /><testcase classname="tests.test_login_page" name="test_tc_log_17_empty_password_message[chromium]" time="2.528" /><testcase classname="tests.test_login_page" name="test_tc_log_18_password_too_short[chromium]" time="3.862" /><testcase classname="tests.test_login_page" name="test_tc_log_19_password_too_long[chromium]" time="2.677" /><testcase classname="tests.test_login_page" name="test_tc_log_20_to_25_password_patterns_no_length_error[chromium-12345678]" time="2.926" /><testcase classname="tests.test_login_page" name="test_tc_log_20_to_25_password_patterns_no_length_error[chromium-AbCdEfGh]" time="4.140" /><testcase classname="tests.test_login_page" name="test_tc_log_20_to_25_password_patterns_no_length_error[chromium-!@#$%^&amp;*]" time="2.856" /><testcase classname="tests.test_login_page" name="test_tc_log_20_to_25_password_patterns_no_length_error[chromium-1234AbCd]" time="3.177" /><testcase classname="tests.test_login_page" name="test_tc_log_20_to_25_password_patterns_no_length_error[chromium-1234!@#$]" time="3.110" /><testcase classname="tests.test_login_page" name="test_tc_log_20_to_25_password_patterns_no_length_error[chromium-AbCd!@#$]" time="4.886" /><testcase classname="tests.test_login_page" name="test_tc_log_26_login_button_visible[chromium]" time="2.620" /><testcase classname="tests.test_login_page" name="test_tc_log_27_wrong_password_api_message[chromium]" time="3.308" /><testcase classname="tests.test_login_page" name="test_tc_log_28_unregistered_email_api_message[chromium]" time="5.171" /><testcase classname="tests.test_login_page" name="test_tc_log_29_successful_login[chromium]" time="3.069"><skipped type="pytest.skip" message="TC29: account_authentication trả 422 — kiểm tra user có quyền portal 529/event/3988 hoặc LOGIN_EMAIL/LOGIN_PASSWORD.">/Users/p.duyen/BSJ_PROJECT/QC_AUTOMATION/Playwright_demo/tests/test_login_page.py:262: TC29: account_authentication trả 422 — kiểm tra user có quyền portal 529/event/3988 hoặc LOGIN_EMAIL/LOGIN_PASSWORD.</skipped></testcase><testcase classname="tests.test_login_page" name="test_tc_log_30_forgot_password_link_visible[chromium]" time="2.436" /><testcase classname="tests.test_login_page" name="test_tc_log_31_forgot_password_navigates[chromium]" time="2.799" /></testsuite></testsuites>